<?xml version="1.0" encoding="UTF-8"?>
<testng-results ignored="0" total="3" passed="3" failed="0" skipped="0">
  <reporter-output>
  </reporter-output>
  <suite started-at="2022-09-20T23:59:35 IST" name="Suite" finished-at="2022-09-21T00:00:12 IST" duration-ms="36333">
    <groups>
    </groups>
    <test started-at="2022-09-20T23:59:35 IST" name="Test" finished-at="2022-09-21T00:00:12 IST" duration-ms="36333">
      <class name="com.testCases.TC01">
        <test-method is-config="true" signature="setup(java.lang.String)[pri:0, instance:com.testCases.TC01@6f27a732]" started-at="2022-09-20T23:59:35 IST" name="setup" finished-at="2022-09-20T23:59:38 IST" duration-ms="2990" status="PASS">
          <params>
            <param index="0">
              <value>
                <![CDATA[chrome]]>
              </value>
            </param>
          </params>
          <reporter-output>
          </reporter-output>
        </test-method> <!-- setup -->
        <test-method signature="SignIn(java.lang.String)[pri:1, instance:com.testCases.TC01@6f27a732]" started-at="2022-09-20T23:59:39 IST" name="SignIn" data-provider="PhoneNo" finished-at="2022-09-20T23:59:57 IST" duration-ms="18076" status="PASS">
          <params>
            <param index="0">
              <value>
                <![CDATA[8169629145]]>
              </value>
            </param>
          </params>
          <reporter-output>
          </reporter-output>
        </test-method> <!-- SignIn -->
        <test-method signature="SearchProduct()[pri:2, instance:com.testCases.TC01@6f27a732]" started-at="2022-09-20T23:59:57 IST" name="SearchProduct" finished-at="2022-09-21T00:00:09 IST" duration-ms="12027" status="PASS">
          <reporter-output>
          </reporter-output>
        </test-method> <!-- SearchProduct -->
        <test-method signature="DeliveryProces(java.lang.String,java.lang.String,java.lang.String,java.lang.String,java.lang.String,java.lang.String,java.lang.String,java.lang.String,java.lang.String,java.lang.String)[pri:3, instance:com.testCases.TC01@6f27a732]" started-at="2022-09-21T00:00:09 IST" name="DeliveryProces" data-provider="AddressDetails" finished-at="2022-09-21T00:00:12 IST" duration-ms="2643" status="PASS">
          <params>
            <param index="0">
              <value>
                <![CDATA[400705]]>
              </value>
            </param>
            <param index="1">
              <value>
                <![CDATA[1]]>
              </value>
            </param>
            <param index="2">
              <value>
                <![CDATA[1st]]>
              </value>
            </param>
            <param index="3">
              <value>
                <![CDATA[1]]>
              </value>
            </param>
            <param index="4">
              <value>
                <![CDATA[test]]>
              </value>
            </param>
            <param index="5">
              <value>
                <![CDATA[test]]>
              </value>
            </param>
            <param index="6">
              <value>
                <![CDATA[test]]>
              </value>
            </param>
            <param index="7">
              <value>
                <![CDATA[test]]>
              </value>
            </param>
            <param index="8">
              <value>
                <![CDATA[1234567890]]>
              </value>
            </param>
            <param index="9">
              <value>
                <![CDATA[Other]]>
              </value>
            </param>
          </params>
          <reporter-output>
          </reporter-output>
        </test-method> <!-- DeliveryProces -->
        <test-method is-config="true" signature="tearDwon()[pri:0, instance:com.testCases.TC01@6f27a732]" started-at="2022-09-21T00:00:12 IST" name="tearDwon" finished-at="2022-09-21T00:00:12 IST" duration-ms="116" status="PASS">
          <reporter-output>
          </reporter-output>
        </test-method> <!-- tearDwon -->
      </class> <!-- com.testCases.TC01 -->
    </test> <!-- Test -->
  </suite> <!-- Suite -->
</testng-results>
