<?xml version="1.0" encoding="UTF-8"?>
<!-- Generated by org.testng.reporters.JUnitXMLReporter -->
<testsuite ignored="0" hostname="DESKTOP-LC911AC" failures="0" tests="3" name="Test" time="36.333" errors="0" timestamp="2022-09-21T00:00:12 IST">
  <testcase classname="com.testCases.TC01" name="SignIn" time="18.076"/>
  <testcase classname="com.testCases.TC01" name="SearchProduct" time="12.027"/>
  <testcase classname="com.testCases.TC01" name="DeliveryProces" time="2.643"/>
</testsuite> <!-- Test -->
